9
6
5
5
5
8
37
6
7
8
6
5
6
108
6
6
6
6
5
7
11
9
5
6
8
9
5
5
6
67
5
5
5
5
5
6
5
5
5
5
11
5
6
7
23
5
12
6
39
1015
5
10
6
6
5
29
11
5
15
10
42
17
5
12
5
9
15
6
7
5
30
5
31
8
5
9
6
550
5
6
6
7
144
5
5
5
5
5
17
5
5
9
7
88
21
5
5
19
5
5
9
2681
8
63
7
5
6
5
5
12
5
7
6
5
6
51
9
6
23
8
6
5
5
6
6
28
7
5
5
5
5
5
6
8
37
6
6
8
5
5
8
16
27
14
6
5
6
5
5
8
12
18
6
5
6
6
7
8
5
6
5
340
5
44
11
50
5
17
23
8
5
5
8
34
5
7
6
5
10
49
9
7
8
7
6
5
5
5
6
37
5
6
18
5
7
5
5
11
5
179
5
8
5
5
5
43
5
5
5
6
8
6
5
5
5
17
5
13
41
5
18
35
8
5
6
14
8
5
5
5
5
27
5
13
41
10
41
5
7
9
6
5
15
14
5
9
7
5
5
13
32
5
11
7
6
17
5
7
5
11
6
11
5
5
5
5
9
13
23
19
19
5
5
9
26
6
7
5
5
14
416
8
5
5
8
6
5
11
5
11
6
5
5
6
19
7
5
8
6
5
8
6
17
7
7
6
15
23
68
29
188
5
6
38
5
7
8
5
7
5
5
5
6
7
21
22
7
6
6
9
2181
5
7
5
8
7
5
5
5
7
5
5
11
37
9
56
40
8
19
9
5
5
5
6
5
8921
7
5
5
9
11
5
6
5
188
334
5
11
5
91
8
6
11
11
5
13
68
62
10
5
10
33
5
41
16
5
5
5
9
7
8
5
5
7
5
5
5
12
10
5
5
15
22
26
11
9
8
39
6
6
153
5
169
6
5
8
7
5
6
12
6
5
9
6
5
5
6
724
5
7
5
7
7
6
6
5
24
5
5
6
5
5
7
209
21
5
48
5
5
6
7
10
243
5
5
8
36
5
5
5
48
68
98
5
10
5
5
29
5
6
8
5
5
5
7
5
7
5
5
5
5
5
6
5
5
5
6
5
6
17
9
24
6
6
5
6
5
5
5
6
6
18
6
7
9
5
9
5
5
5
195
5
5
5
10
44
5
8
5
5
7
32
17
7
6
10
6
10
9
5
10
5
7
7
5
14
6
9
5
6
7
8
5
5
6
12
6
5
6
28
12
5
10
12
5
5
6
18
6
5
5
5
5
33
5
8
5
5
5
6
6
5
5
335
137
5
12
10
7
5
5
6
5
6
38
11
74
5
17
18
23
5
29
5
5
39
7
5
489
21
5
8
6
5
17
21
932
4457
14
7
16
5
7
12
59
6
162
136
5
26
5
17
8
8
16
9
5
6
6
5
5
9
22
6
5
5
122
37
5
10
13
13
6
8
5
5
5
7
13
5
5
5
6
12
16
5
12
5
11
6
5
6
411
5
107
6
6
20
1321
5
31
6
8
5
8
5
5
6
6
9
6
6
5
6
6
6
5
20
7
5
5
5
9
5
5
8
11
5
5
5
37
10
5
15
7
6
36
22
9
9
5
10
5
6
5
9
51
13
11
10
5
27
6
7
8
9
5
6
7
7
5
7
5
13
7
9
7
5
5
5
5
82
5
5
11
14
6
9
6
11
5
8
5
31
7
7
5
5
7
7
8
18
6
10
5
12
9
2999
19
5
10
6
5
7
10
10
8
5
20
5
18
193
217
5
27
5
5
14
11
5
5
7
30
6
10
6
5
5
14
56
5
40
5
5
5
6
5
5
37
54
7
5
5
6
5
7
16
5
5
7
5
7
5
5
12
33
5
6
5
11
6
7
56
5
5
5
7
5
5
7
7
6
9
27
16
6
3635
5
13
7
5
5
8
13
7
22
6
230
8
5
68
5
5
12
5
21
7
16
6
11
5
5
7
7
7
5
7
18
33
6
5
5
5
21
11
7
8
5
9
7
10
5
5
5
6
90
14
28
6
14
8
12
16
118
6
7
12
5
6
5
6
6
5
23
5
6
19
6
9
5
5
5
6
189
5
5
6
11
5
6
5
7
9
6
108
5
10
7
5
8
6
5
5
11
5
6
12
5
6
5
6
9
6
5
5
5
19
52
6
15504
13
5
6
6
221
14
7
5
6
6
5
5
6
6
5
5
5
7
5
5
12
5
10
6
6
6
5
7
5
5
7
5
13
7
6
5
5
10
5
5
